{"/Users/kristiedesiree/Desktop/suggestedTracksService/client/src/components/SuggestedTrackList.jsx": {"path":"/Users/kristiedesiree/Desktop/suggestedTracksService/client/src/components/SuggestedTrackList.jsx","statementMap":{"0":{"start":{"line":6,"column":26},"end":{"line":9,"column":1}},"1":{"start":{"line":11,"column":18},"end":{"line":16,"column":1}},"2":{"start":{"line":18,"column":27},"end":{"line":40,"column":1}},"3":{"start":{"line":23,"column":6},"end":{"line":23,"column":11}},"4":{"start":{"line":25,"column":2},"end":{"line":39,"column":4}},"5":{"start":{"line":35,"column":28},"end":{"line":35,"column":165}}},"fnMap":{"0":{"name":"(anonymous_0)","decl":{"start":{"line":18,"column":27},"end":{"line":18,"column":28}},"loc":{"start":{"line":18,"column":38},"end":{"line":40,"column":1}},"line":18},"1":{"name":"(anonymous_1)","decl":{"start":{"line":35,"column":10},"end":{"line":35,"column":11}},"loc":{"start":{"line":35,"column":28},"end":{"line":35,"column":165}},"line":35}},"branchMap":{},"s":{"0":1,"1":1,"2":1,"3":0,"4":0,"5":0},"f":{"0":0,"1":0},"b":{},"_coverageSchema":"332fd63041d2c1bcb487cc26dd0d5f7d97098a6c","hash":"2d0072b65796f1409115a49b5d633dd96b2fc464"}
,"/Users/kristiedesiree/Desktop/suggestedTracksService/client/src/components/SuggestedTrackListEntry.jsx": {"path":"/Users/kristiedesiree/Desktop/suggestedTracksService/client/src/components/SuggestedTrackListEntry.jsx","statementMap":{"0":{"start":{"line":6,"column":31},"end":{"line":9,"column":1}},"1":{"start":{"line":11,"column":20},"end":{"line":16,"column":1}},"2":{"start":{"line":18,"column":13},"end":{"line":24,"column":1}},"3":{"start":{"line":26,"column":13},"end":{"line":30,"column":1}},"4":{"start":{"line":32,"column":26},"end":{"line":45,"column":1}},"5":{"start":{"line":47,"column":14},"end":{"line":53,"column":1}},"6":{"start":{"line":55,"column":15},"end":{"line":57,"column":1}},"7":{"start":{"line":59,"column":14},"end":{"line":61,"column":1}},"8":{"start":{"line":63,"column":14},"end":{"line":66,"column":1}},"9":{"start":{"line":68,"column":29},"end":{"line":71,"column":1}},"10":{"start":{"line":73,"column":20},"end":{"line":83,"column":1}},"11":{"start":{"line":85,"column":19},"end":{"line":88,"column":1}},"12":{"start":{"line":91,"column":13},"end":{"line":94,"column":1}},"13":{"start":{"line":96,"column":24},"end":{"line":110,"column":1}},"14":{"start":{"line":113,"column":32},"end":{"line":208,"column":1}},"15":{"start":{"line":128,"column":6},"end":{"line":128,"column":11}},"16":{"start":{"line":130,"column":2},"end":{"line":207,"column":4}},"17":{"start":{"line":151,"column":41},"end":{"line":151,"column":82}},"18":{"start":{"line":162,"column":48},"end":{"line":162,"column":82}}},"fnMap":{"0":{"name":"(anonymous_0)","decl":{"start":{"line":113,"column":32},"end":{"line":113,"column":33}},"loc":{"start":{"line":113,"column":43},"end":{"line":208,"column":1}},"line":113},"1":{"name":"(anonymous_1)","decl":{"start":{"line":151,"column":33},"end":{"line":151,"column":34}},"loc":{"start":{"line":151,"column":39},"end":{"line":151,"column":84}},"line":151},"2":{"name":"(anonymous_2)","decl":{"start":{"line":162,"column":40},"end":{"line":162,"column":41}},"loc":{"start":{"line":162,"column":46},"end":{"line":162,"column":84}},"line":162}},"branchMap":{},"s":{"0":1,"1":1,"2":1,"3":1,"4":1,"5":1,"6":1,"7":1,"8":1,"9":1,"10":1,"11":1,"12":1,"13":1,"14":1,"15":1,"16":1,"17":0,"18":0},"f":{"0":1,"1":0,"2":0},"b":{},"_coverageSchema":"332fd63041d2c1bcb487cc26dd0d5f7d97098a6c","hash":"272ddad7012d8a5cb688d21bb5e618002b6e9c56"}
}
